build/app/outputs/mapping/release/mapping.txt
# compiler: R8
# compiler_version: 1.5.64
# min_api: 16
# pg_map_id: d478d92
...
io.flutter.embedding.engine.FlutterEngine$EngineLifecycleListener -> io.flutter.embedding.engine.a$b:
    void onPreEngineRestart() -> a
io.flutter.embedding.engine.FlutterEngineCache -> io.flutter.embedding.engine.b:
    java.util.Map cachedEngines -> a
    io.flutter.embedding.engine.FlutterEngineCache instance -> b
    io.flutter.embedding.engine.FlutterEngine get(java.lang.String) -> a
    io.flutter.embedding.engine.FlutterEngineCache getInstance() -> a
    void put(java.lang.String,io.flutter.embedding.engine.FlutterEngine) -> a
    void remove(java.lang.String) -> b
io.flutter.embedding.engine.FlutterEnginePluginRegistry -> io.flutter.embedding.engine.c:
    android.content.BroadcastReceiver broadcastReceiver -> l
    io.flutter.embedding.engine.plugins.FlutterPlugin$FlutterPluginBinding pluginBinding -> c
    java.util.Map contentProviderAwarePlugins -> n
    io.flutter.embedding.engine.FlutterEnginePluginRegistry$FlutterEngineContentProviderPluginBinding contentProviderPluginBinding -> p
    io.flutter.embedding.engine.FlutterEnginePluginRegistry$FlutterEngineActivityPluginBinding activityPluginBinding -> f
    android.app.Service service -> i
    java.util.Map plugins -> a
    android.app.Activity activity -> e
    java.util.Map activityAwarePlugins -> d
    io.flutter.embedding.engine.FlutterEnginePluginRegistry$FlutterEngineServicePluginBinding servicePluginBinding -> j
    io.flutter.embedding.engine.FlutterEngine flutterEngine -> b
    boolean isWaitingForActivityReattachment -> g
    java.util.Map broadcastReceiverAwarePlugins -> k
    io.flutter.embedding.engine.FlutterEnginePluginRegistry$FlutterEngineBroadcastReceiverPluginBinding broadcastReceiverPluginBinding -> m
    android.content.ContentProvider contentProvider -> o
    java.util.Map serviceAwarePlugins -> h
    void add(io.flutter.embedding.engine.plugins.FlutterPlugin) -> a
    void attachToActivity(android.app.Activity,androidx.lifecycle.Lifecycle) -> a
    boolean has(java.lang.Class) -> a
    boolean onActivityResult(int,int,android.content.Intent) -> a
io.flutter.embedding.engine.FlutterEnginePluginRegistry$1 -> io.flutter.embedding.engine.c$a:
io.flutter.embedding.engine.FlutterEnginePluginRegistry$DefaultFlutterAssets -> io.flutter.embedding.engine.c$b:
io.flutter.embedding.engine.FlutterEnginePluginRegistry$FlutterEngineActivityPluginBinding -> io.flutter.embedding.engine.c$c:
    java.util.Set onActivityResultListeners -> c
    java.util.Set onNewIntentListeners -> d
    java.util.Set onUserLeaveHintListeners -> e
    java.util.Set onSaveInstanceStateListeners -> f
    java.util.Set onRequestPermissionsResultListeners -> b
    android.app.Activity activity -> a
    boolean onActivityResult(int,int,android.content.Intent) -> a
    void onNewIntent(android.content.Intent) -> a
    boolean onRequestPermissionsResult(int,java.lang.String[],int[]) -> a
    void onRestoreInstanceState(android.os.Bundle) -> a
    void onUserLeaveHint() -> a
    void onSaveInstanceState(android.os.Bundle) -> b
    android.app.Activity getActivity() -> e
io.flutter.embedding.engine.FlutterEnginePluginRegistry$FlutterEngineBroadcastReceiverPluginBinding -> io.flutter.embedding.engine.c$d:
io.flutter.embedding.engine.FlutterEnginePluginRegistry$FlutterEngineContentProviderPluginBinding -> io.flutter.embedding.engine.c$e:
io.flutter.embedding.engine.FlutterEnginePluginRegistry$FlutterEngineServicePluginBinding -> io.flutter.embedding.engine.c$f:
io.flutter.embedding.engine.FlutterJNI$AccessibilityDelegate -> io.flutter.embedding.engine.FlutterJNI$a:
    void updateCustomAccessibilityActions(java.nio.ByteBuffer,java.lang.String[]) -> a
    void updateSemantics(java.nio.ByteBuffer,java.lang.String[]) -> b
io.flutter.embedding.engine.FlutterJNI$AsyncWaitForVsyncDelegate -> io.flutter.embedding.engine.FlutterJNI$b:
    void asyncWaitForVsync(long) -> a